<?xml version="1.0" encoding="UTF-8"?>
<!-- Generated by org.testng.reporters.JUnitXMLReporter -->
<testsuite ignored="0" hostname="DESKTOP-3JT8MSM" failures="0" tests="4" name="Default test" time="5.774" errors="0" timestamp="2024-12-12T19:36:31 IST">
  <testcase classname="First.DynamicJson" name="addAndDeleteBook" time="3.458"/>
  <testcase classname="First.DynamicJson" name="addAndDeleteBook" time="0.835"/>
  <testcase classname="First.DynamicJson" name="addAndDeleteBook" time="0.651"/>
  <testcase classname="First.DynamicJson" name="addAndDeleteBook" time="0.762"/>
</testsuite> <!-- Default test -->
