<?xml version="1.0" encoding="UTF-8"?>
<testng-results ignored="0" total="4" passed="4" failed="0" skipped="0">
  <reporter-output>
  </reporter-output>
  <suite started-at="2024-12-12T19:36:25 IST" name="Default suite" finished-at="2024-12-12T19:36:31 IST" duration-ms="5774">
    <groups>
    </groups>
    <test started-at="2024-12-12T19:36:25 IST" name="Default test" finished-at="2024-12-12T19:36:31 IST" duration-ms="5774">
      <class name="First.DynamicJson">
        <test-method signature="addAndDeleteBook(java.lang.String,java.lang.String)[pri:0, instance:First.DynamicJson@55634720]" started-at="2024-12-12T19:36:25 IST" name="addAndDeleteBook" data-provider="Booksdata" finished-at="2024-12-12T19:36:29 IST" duration-ms="3458" status="PASS">
          <params>
            <param index="0">
              <value>
                <![CDATA[hfh]]>
              </value>
            </param>
            <param index="1">
              <value>
                <![CDATA[7353]]>
              </value>
            </param>
          </params>
          <reporter-output>
          </reporter-output>
        </test-method> <!-- addAndDeleteBook -->
        <test-method signature="addAndDeleteBook(java.lang.String,java.lang.String)[pri:0, instance:First.DynamicJson@55634720]" started-at="2024-12-12T19:36:29 IST" name="addAndDeleteBook" data-provider="Booksdata" finished-at="2024-12-12T19:36:30 IST" duration-ms="835" status="PASS">
          <params>
            <param index="0">
              <value>
                <![CDATA[jew]]>
              </value>
            </param>
            <param index="1">
              <value>
                <![CDATA[8972]]>
              </value>
            </param>
          </params>
          <reporter-output>
          </reporter-output>
        </test-method> <!-- addAndDeleteBook -->
        <test-method signature="addAndDeleteBook(java.lang.String,java.lang.String)[pri:0, instance:First.DynamicJson@55634720]" started-at="2024-12-12T19:36:30 IST" name="addAndDeleteBook" data-provider="Booksdata" finished-at="2024-12-12T19:36:30 IST" duration-ms="651" status="PASS">
          <params>
            <param index="0">
              <value>
                <![CDATA[kww]]>
              </value>
            </param>
            <param index="1">
              <value>
                <![CDATA[2644]]>
              </value>
            </param>
          </params>
          <reporter-output>
          </reporter-output>
        </test-method> <!-- addAndDeleteBook -->
        <test-method signature="addAndDeleteBook(java.lang.String,java.lang.String)[pri:0, instance:First.DynamicJson@55634720]" started-at="2024-12-12T19:36:30 IST" name="addAndDeleteBook" data-provider="Booksdata" finished-at="2024-12-12T19:36:31 IST" duration-ms="762" status="PASS">
          <params>
            <param index="0">
              <value>
                <![CDATA[wie]]>
              </value>
            </param>
            <param index="1">
              <value>
                <![CDATA[383]]>
              </value>
            </param>
          </params>
          <reporter-output>
          </reporter-output>
        </test-method> <!-- addAndDeleteBook -->
      </class> <!-- First.DynamicJson -->
    </test> <!-- Default test -->
  </suite> <!-- Default suite -->
</testng-results>
